<?xml version="1.0" encoding="UTF-8"?>
<testng-results ignored="0" total="2" passed="2" failed="0" skipped="0">
  <reporter-output>
  </reporter-output>
  <suite started-at="2022-09-22T19:44:40 IST" name="Default suite" finished-at="2022-09-22T19:44:43 IST" duration-ms="3618">
    <groups>
    </groups>
    <test started-at="2022-09-22T19:44:40 IST" name="Default test" finished-at="2022-09-22T19:44:43 IST" duration-ms="3618">
      <class name="com.ECom.Class1">
        <test-method signature="getToken()[pri:0, instance:com.ECom.Class1@483f6d77]" started-at="2022-09-22T19:44:40 IST" name="getToken" finished-at="2022-09-22T19:44:42 IST" duration-ms="2587" status="PASS">
          <reporter-output>
          </reporter-output>
        </test-method> <!-- getToken -->
        <test-method signature="addProduct()[pri:1, instance:com.ECom.Class1@483f6d77]" started-at="2022-09-22T19:44:42 IST" name="addProduct" finished-at="2022-09-22T19:44:43 IST" duration-ms="970" status="PASS">
          <reporter-output>
          </reporter-output>
        </test-method> <!-- addProduct -->
      </class> <!-- com.ECom.Class1 -->
    </test> <!-- Default test -->
  </suite> <!-- Default suite -->
</testng-results>
